<?xml version="1.0" encoding="UTF-8"?>
<testsuite xmlns:xsi="http://www.w3.org/2001/XMLSchema-instance" xsi:noNamespaceSchemaLocation="https://maven.apache.org/surefire/maven-surefire-plugin/xsd/surefire-test-report.xsd" version="3.0.2" name="com.xiaozhi.assistant.AssistantTest" time="4.9" tests="2" errors="0" skipped="0" failures="0" flakes="0">
  <properties>
[...]
</properties>
  <testcase name="testAssistant2" classname="com.xiaozhi.assistant.AssistantTest" time="1.507">
    <system-out><![CDATA[2026-06-22T21:02:39.855+08:00  INFO 29893 --- [           main] t.c.s.AnnotationConfigContextLoaderUtils : Could not detect default configuration classes for test class [com.xiaozhi.assistant.AssistantTest]: AssistantTest does not declare any static, non-private, non-final, nested classes annotated with @Configuration.
2026-06-22T21:02:39.858+08:00  INFO 29893 --- [           main] .b.t.c.SpringBootTestContextBootstrapper : Found @SpringBootConfiguration com.xiaozhi.XiaozhiApp for test class com.xiaozhi.assistant.AssistantTest
听起来今天的天气确实不错呢！好天气总能让人心情变好。您有什么计划吗？比如出去散步、运动或者和朋友聚会之类的活动，都是享受好天气的好方式。
]]></system-out>
  </testcase>
  <testcase name="testAssistant" classname="com.xiaozhi.assistant.AssistantTest" time="3.379">
    <system-out><![CDATA[我是Qwen，由阿里云开发的超大规模语言模型。我被设计用来帮助用户生成各种类型的文本，如文章、故事、诗歌、故事等，并能够根据不同的场景和需求提供多样的回答和解决方案。此外，我还能够进行高质量的对话，帮助用户解决问题或提供信息。您有什么问题或需要什么帮助吗？
]]></system-out>
  </testcase>
</testsuite>