<?xml version="1.0" encoding="UTF-8"?>
<testsuite xmlns:xsi="http://www.w3.org/2001/XMLSchema-instance" xsi:noNamespaceSchemaLocation="https://maven.apache.org/surefire/maven-surefire-plugin/xsd/surefire-test-report.xsd" version="3.0.2" name="com.xiaozhi.assistant.ChatMemoryTest" time="15.963" tests="4" errors="0" skipped="0" failures="0" flakes="0">
  <properties>
[...]
</properties>
  <testcase name="testChatMemory2" classname="com.xiaozhi.assistant.ChatMemoryTest" time="3.055">
    <system-out><![CDATA[2026-06-22T21:02:54.287+08:00  INFO 29893 --- [           main] t.c.s.AnnotationConfigContextLoaderUtils : Could not detect default configuration classes for test class [com.xiaozhi.assistant.ChatMemoryTest]: ChatMemoryTest does not declare any static, non-private, non-final, nested classes annotated with @Configuration.
2026-06-22T21:02:54.289+08:00  INFO 29893 --- [           main] .b.t.c.SpringBootTestContextBootstrapper : Found @SpringBootConfiguration com.xiaozhi.XiaozhiApp for test class com.xiaozhi.assistant.ChatMemoryTest
1: 你好，环环！很高兴见到你。有什么我可以帮助你的吗？如果你有任何问题或需要讨论某些话题，随时告诉我哦。
2: 你刚才告诉我你是环环，但如果你是指更具体的背景信息，比如你在哪个领域工作、你的兴趣爱好或者其他个人信息，我可能还不太清楚。如果你愿意分享更多信息，我会更好地了解你，并提供更个性化的帮助。
]]></system-out>
  </testcase>
  <testcase name="testChatMemory3" classname="com.xiaozhi.assistant.ChatMemoryTest" time="2.764">
    <system-out><![CDATA[1: 你好，环环！很高兴见到你。有什么我可以帮助你的吗？如果你有任何问题或需要讨论什么话题，都可以告诉我哦。
2: 你刚刚告诉我你是环环。如果你是在问更具体的身份信息，或者有其他含义，请告诉我更多的细节，这样我才能更好地帮助你。
]]></system-out>
  </testcase>
  <testcase name="testChatMemory4" classname="com.xiaozhi.assistant.ChatMemoryTest" time="5.218">
    <system-out><![CDATA[1: 你好，张三！很高兴为你提供帮助。希望你感冒的症状能够尽快好转。如果你有任何其他健康方面的问题或需要进一步的建议，请随时告诉我。记得多休息、多喝水，并采取适当的措施来缓解症状。如果情况没有改善或者有加重的趋势，请及时就医。祝你早日康复！
2: 你是张三。如果你有任何其他问题或需要进一步的帮助，请告诉我！希望你感冒快点好起来。
]]></system-out>
  </testcase>
  <testcase name="testChatMemory" classname="com.xiaozhi.assistant.ChatMemoryTest" time="4.915">
    <system-out><![CDATA[1: 你好，环环！很高兴见到你。有什么我可以帮助你的吗？如果你有任何问题或需要讨论什么话题，随时告诉我哦。
2: 您好！您是使用这个平台提出问题的用户。不过，您的问题似乎是在寻求更个人化的答案。在这样的平台上，为了保护您的隐私和安全，我们不会获取或存储您的个人信息，除非您主动提供。如果您是在寻找一种哲学意义上的“我是谁”的答案，那么这可能需要您自己去探索和定义了。每个人都有自己独特的经历、性格和价值观，这些都是构成“我是谁”这个问题答案的一部分。希望这个回答对您有所帮助！如果有其他具体的问题或者需要进一步的帮助，请告诉我。
]]></system-out>
  </testcase>
</testsuite>